<?xml version="1.0" encoding="UTF-8"?>
<!-- Generated by org.testng.reporters.JUnitReportReporter -->
<testsuite hostname="Swatis-MacBook-Air.local" failures="0" tests="1" name="SpringStarter.SpringStarter.Guru99Demo" time="32.371" errors="0" timestamp="2024-01-31T07:56:15 IST" skipped="0">
  <testcase classname="SpringStarter.SpringStarter.Guru99Demo" name="testScrollUpAndDown" time="32.371"/>
  <system-out/>
</testsuite> <!-- SpringStarter.SpringStarter.Guru99Demo -->
