<?xml version="1.0" encoding="UTF-8"?>
<!-- Generated by org.testng.reporters.JUnitReportReporter -->
<testsuite hostname="Swatis-MacBook-Air.local" failures="0" tests="6" name="SpringStarter.SpringStarter.DataProviderTest" time="43.458" errors="0" timestamp="2024-01-28T19:58:37 IST" skipped="3">
  <testcase classname="SpringStarter.SpringStarter.DataProviderTest" name="getUserCountOnAdminPage" time="8.830"/>
  <system-out/>
  <testcase classname="SpringStarter.SpringStarter.DataProviderTest" name="clickOnAdmin" time="14.682"/>
  <system-out/>
  <testcase classname="SpringStarter.SpringStarter.DataProviderTest" name="doLogin" time="19.946"/>
  <system-out/>
  <testcase classname="SpringStarter.SpringStarter.DataProviderTest" name="deletedSelectedUsers">
    <skipped/>
  </testcase> <!-- deletedSelectedUsers -->
  <system-out/>
  <testcase classname="SpringStarter.SpringStarter.DataProviderTest" name="perfromMultiSelction">
    <skipped/>
  </testcase> <!-- perfromMultiSelction -->
  <system-out/>
  <testcase classname="SpringStarter.SpringStarter.DataProviderTest" name="validateUserDeletion">
    <skipped/>
  </testcase> <!-- validateUserDeletion -->
  <system-out/>
</testsuite> <!-- SpringStarter.SpringStarter.DataProviderTest -->
