<?xml version="1.0" encoding="UTF-8"?>
<!-- Generated by org.testng.reporters.JUnitReportReporter -->
<testsuite hostname="Swatis-MacBook-Air.local" failures="0" tests="1" name="SpringStarter.SpringStarter.DashBoardvalidation" time="13.862" errors="0" timestamp="2024-01-29T21:10:58 IST" skipped="0">
  <testcase classname="SpringStarter.SpringStarter.DashBoardvalidation" name="getDetailsOfWidgetsOnDashBoard" time="13.862"/>
  <system-out/>
</testsuite> <!-- SpringStarter.SpringStarter.DashBoardvalidation -->
