<?xml version="1.0" encoding="UTF-8"?>
<!-- Generated by org.testng.reporters.JUnitReportReporter -->
<testsuite hostname="Swatis-MacBook-Air.local" failures="0" tests="8" name="SpringStarter.SpringStarter.CreateUser" time="44.393" errors="0" timestamp="2024-01-28T19:58:37 IST" skipped="0">
  <testcase classname="SpringStarter.SpringStarter.CreateUser" name="clickOnAdmin" time="4.563"/>
  <system-out/>
  <testcase classname="SpringStarter.SpringStarter.CreateUser" name="enterUserDetails" time="5.597"/>
  <system-out/>
  <testcase classname="SpringStarter.SpringStarter.CreateUser" name="clickOnAddUserButton" time="2.782"/>
  <system-out/>
  <testcase classname="SpringStarter.SpringStarter.CreateUser" name="selectOptionFromDropDown" time="6.802"/>
  <system-out/>
  <testcase classname="SpringStarter.SpringStarter.CreateUser" name="enterUserDetails" time="5.467"/>
  <system-out/>
  <testcase classname="SpringStarter.SpringStarter.CreateUser" name="selectOptionFromDropDown" time="6.123"/>
  <system-out/>
  <testcase classname="SpringStarter.SpringStarter.CreateUser" name="enterUserDetails" time="5.770"/>
  <system-out/>
  <testcase classname="SpringStarter.SpringStarter.CreateUser" name="enterUserDetails" time="7.289"/>
  <system-out/>
</testsuite> <!-- SpringStarter.SpringStarter.CreateUser -->
