<?xml version="1.0" encoding="UTF-8"?>
<!-- Generated by org.testng.reporters.JUnitReportReporter -->
<testsuite hostname="Swatis-MacBook-Air.local" failures="0" tests="8" name="SpringStarter.SpringStarter.CreateUser" time="47.660" errors="0" timestamp="2024-01-29T21:10:58 IST" skipped="0">
  <testcase classname="SpringStarter.SpringStarter.CreateUser" name="enterUserDetails" time="5.934"/>
  <system-out/>
  <testcase classname="SpringStarter.SpringStarter.CreateUser" name="clickOnAddUserButton" time="5.224"/>
  <system-out/>
  <testcase classname="SpringStarter.SpringStarter.CreateUser" name="enterUserDetails" time="8.660"/>
  <system-out/>
  <testcase classname="SpringStarter.SpringStarter.CreateUser" name="clickOnAdmin" time="1.871"/>
  <system-out/>
  <testcase classname="SpringStarter.SpringStarter.CreateUser" name="enterUserDetails" time="5.647"/>
  <system-out/>
  <testcase classname="SpringStarter.SpringStarter.CreateUser" name="enterUserDetails" time="5.745"/>
  <system-out/>
  <testcase classname="SpringStarter.SpringStarter.CreateUser" name="selectOptionFromDropDown" time="8.087"/>
  <system-out/>
  <testcase classname="SpringStarter.SpringStarter.CreateUser" name="selectOptionFromDropDown" time="6.492"/>
  <system-out/>
</testsuite> <!-- SpringStarter.SpringStarter.CreateUser -->
