<?xml version="1.0" encoding="UTF-8"?>
<!-- Generated by org.testng.reporters.JUnitReportReporter -->
<testsuite hostname="Swatis-MacBook-Air.local" failures="0" tests="6" name="SpringStarter.SpringStarter.OrangeHRMParallelExecutionUsingThreadLocal" time="58.664" errors="0" timestamp="2024-01-31T07:56:15 IST" skipped="3">
  <testcase classname="SpringStarter.SpringStarter.OrangeHRMParallelExecutionUsingThreadLocal" name="clickOnAdmin" time="9.724"/>
  <system-out/>
  <testcase classname="SpringStarter.SpringStarter.OrangeHRMParallelExecutionUsingThreadLocal" name="getUserCountOnAdminPage" time="10.426"/>
  <system-out/>
  <testcase classname="SpringStarter.SpringStarter.OrangeHRMParallelExecutionUsingThreadLocal" name="doLogin" time="38.514"/>
  <system-out/>
  <testcase classname="SpringStarter.SpringStarter.OrangeHRMParallelExecutionUsingThreadLocal" name="perfromMultiSelction">
    <skipped/>
  </testcase> <!-- perfromMultiSelction -->
  <system-out/>
  <testcase classname="SpringStarter.SpringStarter.OrangeHRMParallelExecutionUsingThreadLocal" name="deletedSelectedUsers">
    <skipped/>
  </testcase> <!-- deletedSelectedUsers -->
  <system-out/>
  <testcase classname="SpringStarter.SpringStarter.OrangeHRMParallelExecutionUsingThreadLocal" name="validateUserDeletion">
    <skipped/>
  </testcase> <!-- validateUserDeletion -->
  <system-out/>
</testsuite> <!-- SpringStarter.SpringStarter.OrangeHRMParallelExecutionUsingThreadLocal -->
