<?xml version="1.0" encoding="UTF-8"?>
<!-- Generated by org.testng.reporters.JUnitReportReporter -->
<testsuite hostname="Swatis-MacBook-Air.local" failures="0" tests="1" name="SpringStarter.SpringStarter.DashBoardvalidation" time="2.261" errors="0" timestamp="2024-01-28T19:58:37 IST" skipped="0">
  <testcase classname="SpringStarter.SpringStarter.DashBoardvalidation" name="getDetailsOfWidgetsOnDashBoard" time="2.261"/>
  <system-out/>
</testsuite> <!-- SpringStarter.SpringStarter.DashBoardvalidation -->
