<?xml version="1.0" encoding="UTF-8"?>
<!-- Generated by org.testng.reporters.JUnitReportReporter -->
<testsuite hostname="Swatis-MacBook-Air.local" failures="0" tests="8" name="SpringStarter.SpringStarter.CreateUser" time="44.612" errors="0" timestamp="2024-01-29T00:24:11 IST" skipped="0">
  <testcase classname="SpringStarter.SpringStarter.CreateUser" name="enterUserDetails" time="7.064"/>
  <system-out/>
  <testcase classname="SpringStarter.SpringStarter.CreateUser" name="enterUserDetails" time="5.671"/>
  <system-out/>
  <testcase classname="SpringStarter.SpringStarter.CreateUser" name="enterUserDetails" time="5.771"/>
  <system-out/>
  <testcase classname="SpringStarter.SpringStarter.CreateUser" name="enterUserDetails" time="5.463"/>
  <system-out/>
  <testcase classname="SpringStarter.SpringStarter.CreateUser" name="clickOnAddUserButton" time="3.149"/>
  <system-out/>
  <testcase classname="SpringStarter.SpringStarter.CreateUser" name="selectOptionFromDropDown" time="6.114"/>
  <system-out/>
  <testcase classname="SpringStarter.SpringStarter.CreateUser" name="selectOptionFromDropDown" time="7.102"/>
  <system-out/>
  <testcase classname="SpringStarter.SpringStarter.CreateUser" name="clickOnAdmin" time="4.278"/>
  <system-out/>
</testsuite> <!-- SpringStarter.SpringStarter.CreateUser -->
