<?xml version="1.0" encoding="UTF-8"?>
<!-- Generated by org.testng.reporters.JUnitReportReporter -->
<testsuite hostname="Swatis-MacBook-Air.local" failures="0" tests="6" name="SpringStarter.SpringStarter.DataProviderTest" time="41.985" errors="0" timestamp="2024-01-29T21:10:58 IST" skipped="3">
  <testcase classname="SpringStarter.SpringStarter.DataProviderTest" name="clickOnAdmin" time="15.201"/>
  <system-out/>
  <testcase classname="SpringStarter.SpringStarter.DataProviderTest" name="getUserCountOnAdminPage" time="12.956"/>
  <system-out/>
  <testcase classname="SpringStarter.SpringStarter.DataProviderTest" name="doLogin" time="13.828"/>
  <system-out/>
  <testcase classname="SpringStarter.SpringStarter.DataProviderTest" name="validateUserDeletion">
    <skipped/>
  </testcase> <!-- validateUserDeletion -->
  <system-out/>
  <testcase classname="SpringStarter.SpringStarter.DataProviderTest" name="deletedSelectedUsers">
    <skipped/>
  </testcase> <!-- deletedSelectedUsers -->
  <system-out/>
  <testcase classname="SpringStarter.SpringStarter.DataProviderTest" name="perfromMultiSelction">
    <skipped/>
  </testcase> <!-- perfromMultiSelction -->
  <system-out/>
</testsuite> <!-- SpringStarter.SpringStarter.DataProviderTest -->
