<?xml version="1.0" encoding="UTF-8"?>
<!-- Generated by org.testng.reporters.JUnitReportReporter -->
<testsuite hostname="Swatis-MacBook-Air.local" failures="0" tests="6" name="SpringStarter.SpringStarter.DataProviderTest" time="39.327" errors="0" timestamp="2024-01-29T00:24:11 IST" skipped="3">
  <testcase classname="SpringStarter.SpringStarter.DataProviderTest" name="clickOnAdmin" time="15.653"/>
  <system-out/>
  <testcase classname="SpringStarter.SpringStarter.DataProviderTest" name="getUserCountOnAdminPage" time="9.230"/>
  <system-out/>
  <testcase classname="SpringStarter.SpringStarter.DataProviderTest" name="doLogin" time="14.444"/>
  <system-out/>
  <testcase classname="SpringStarter.SpringStarter.DataProviderTest" name="perfromMultiSelction">
    <skipped/>
  </testcase> <!-- perfromMultiSelction -->
  <system-out/>
  <testcase classname="SpringStarter.SpringStarter.DataProviderTest" name="validateUserDeletion">
    <skipped/>
  </testcase> <!-- validateUserDeletion -->
  <system-out/>
  <testcase classname="SpringStarter.SpringStarter.DataProviderTest" name="deletedSelectedUsers">
    <skipped/>
  </testcase> <!-- deletedSelectedUsers -->
  <system-out/>
</testsuite> <!-- SpringStarter.SpringStarter.DataProviderTest -->
