<?xml version="1.0" encoding="UTF-8"?>
<!-- Generated by org.testng.reporters.JUnitReportReporter -->
<testsuite hostname="Swatis-MacBook-Air.local" failures="0" tests="1" name="SpringStarter.SpringStarter.LeavePageTest" time="22.063" errors="0" timestamp="2024-01-29T00:24:11 IST" skipped="0">
  <testcase classname="SpringStarter.SpringStarter.LeavePageTest" name="applyLeave" time="22.063"/>
  <system-out/>
</testsuite> <!-- SpringStarter.SpringStarter.LeavePageTest -->
